<?xml version="1.0" encoding="UTF-8"?>
<testng-results skipped="0" failed="0" total="1" passed="1">
  <reporter-output>
  </reporter-output>
  <suite name="Default suite" duration-ms="14781" started-at="2018-02-22T18:35:54Z" finished-at="2018-02-22T18:36:08Z">
    <groups>
    </groups>
    <test name="Default test" duration-ms="14781" started-at="2018-02-22T18:35:54Z" finished-at="2018-02-22T18:36:08Z">
      <class name="pkg1.Google">
        <test-method status="PASS" signature="ab()[pri:0, instance:pkg1.Google@61832929]" name="ab" is-config="true" duration-ms="7525" started-at="2018-02-23T00:05:54Z" finished-at="2018-02-23T00:06:01Z">
          <reporter-output>
          </reporter-output>
        </test-method> <!-- ab -->
        <test-method status="PASS" signature="mail()[pri:0, instance:pkg1.Google@61832929]" name="mail" duration-ms="7234" started-at="2018-02-23T00:06:01Z" finished-at="2018-02-23T00:06:08Z">
          <reporter-output>
          </reporter-output>
        </test-method> <!-- mail -->
      </class> <!-- pkg1.Google -->
    </test> <!-- Default test -->
  </suite> <!-- Default suite -->
</testng-results>
